Mon Mar 17 09:54:31 PM EET 2025: Battery monitor script started.
Mon Mar 17 11:03:38 PM EET 2025: Battery monitor script started.
Wed Mar 19 03:07:05 AM EET 2025: Battery monitor script started.
Wed Mar 19 03:46:47 AM EET 2025: Battery monitor script started.
Wed Mar 19 05:25:07 AM EET 2025: Battery monitor script started.
Wed Mar 19 05:30:33 AM EET 2025: Battery monitor script started.
Wed Mar 19 06:30:30 PM EET 2025: Battery monitor script started.
Fri Mar 28 01:46:41 AM EET 2025: Battery monitor script started.
Fri Mar 28 01:55:14 AM EET 2025: Battery monitor script started.
Fri Mar 28 02:25:37 AM EET 2025: Battery monitor script started.
Fri Mar 28 03:03:38 AM EET 2025: Low battery detected: 20% (Status: Discharging).
Fri Mar 28 03:03:38 AM EET 2025: Failed to send notification.
Fri Mar 28 03:03:38 AM EET 2025: Failed to play alert sound: /home/ezooz/Music/alert-sound.mp3.
Fri Mar 28 03:05:38 AM EET 2025: Low battery detected: 19% (Status: Discharging).
Fri Mar 28 03:05:38 AM EET 2025: Failed to send notification.
Fri Mar 28 03:05:38 AM EET 2025: Failed to play alert sound: /home/ezooz/Music/alert-sound.mp3.
Fri Mar 28 03:07:38 AM EET 2025: Low battery detected: 17% (Status: Discharging).
Fri Mar 28 03:07:38 AM EET 2025: Failed to send notification.
Fri Mar 28 03:07:38 AM EET 2025: Failed to play alert sound: /home/ezooz/Music/alert-sound.mp3.
Fri Mar 28 03:09:38 AM EET 2025: Low battery detected: 16% (Status: Discharging).
Fri Mar 28 03:09:38 AM EET 2025: Failed to send notification.
Fri Mar 28 03:09:38 AM EET 2025: Failed to play alert sound: /home/ezooz/Music/alert-sound.mp3.
Fri Mar 28 03:11:38 AM EET 2025: Low battery detected: 6% (Status: Discharging).
Fri Mar 28 03:11:38 AM EET 2025: Failed to send notification.
Fri Mar 28 03:11:38 AM EET 2025: Failed to play alert sound: /home/ezooz/Music/alert-sound.mp3.
Fri Mar 28 05:06:06 AM EET 2025: Battery monitor script started.
Fri Mar 28 05:20:08 AM EET 2025: Battery monitor script started.
Fri Mar 28 05:26:05 AM EET 2025: Battery monitor script started.
Fri Mar 28 05:28:34 AM EET 2025: Battery monitor script started.
Fri Mar 28 05:31:56 AM EET 2025: Battery monitor script started.
Fri Mar 28 05:32:33 AM EET 2025: Battery monitor script started.
Fri Mar 28 05:34:23 AM EET 2025: Battery monitor script started.
Fri Mar 28 07:02:33 PM EET 2025: Battery monitor script started.
Fri Mar 28 07:03:00 PM EET 2025: Battery monitor script started.
Fri Mar 28 11:46:33 PM EET 2025: Battery monitor script started.
Sat Mar 29 12:00:19 AM EET 2025: Battery monitor script started.
Sat Mar 29 12:04:28 AM EET 2025: Battery monitor script started.
Sat Mar 29 12:05:56 AM EET 2025: Battery monitor script started.
Sat Mar 29 12:08:43 AM EET 2025: Battery monitor script started.
Sat Mar 29 03:28:50 AM EET 2025: Battery monitor script started.
Sat Mar 29 03:47:19 AM EET 2025: Battery monitor script started.
Sat Mar 29 04:00:54 AM EET 2025: Battery monitor script started.
Sat Mar 29 04:03:40 AM EET 2025: Battery monitor script started.
Sat Mar 29 04:20:27 AM EET 2025: Battery monitor script started.
Sat Mar 29 04:22:11 AM EET 2025: Battery monitor script started.
Sat Mar 29 04:53:38 AM EET 2025: Battery monitor script started.
Sat Mar 29 05:04:12 AM EET 2025: Battery monitor script started.
Sat Mar 29 05:06:53 AM EET 2025: Battery monitor script started.
Sat Mar 29 05:18:27 AM EET 2025: Battery monitor script started.
Sat Mar 29 05:19:56 AM EET 2025: Battery monitor script started.
Sat Mar 29 05:34:08 AM EET 2025: Battery monitor script started.
Sat Mar 29 05:35:51 AM EET 2025: Battery monitor script started.
Sat Mar 29 05:43:09 AM EET 2025: Battery monitor script started.
Mon Mar 31 10:59:16 PM EET 2025: Battery monitor script started.
Mon Mar 31 11:03:30 PM EET 2025: Battery monitor script started.
Mon Mar 31 11:08:33 PM EET 2025: Battery monitor script started.
Mon Mar 31 11:11:52 PM EET 2025: Battery monitor script started.
Mon Mar 31 11:18:44 PM EET 2025: Battery monitor script started.
Mon Mar 31 11:18:48 PM EET 2025: Battery monitor script started.
Thu Apr  3 06:13:20 AM EET 2025: Battery monitor script started.
Thu Apr  3 06:18:52 AM EET 2025: Battery monitor script started.
Thu Apr  3 06:33:35 AM EET 2025: Battery monitor script started.
Thu Apr  3 06:36:56 AM EET 2025: Battery monitor script started.
Thu Apr  3 05:45:39 PM EET 2025: Battery monitor script started.
Thu Apr  3 05:47:39 PM EET 2025: Low battery detected: 6% (Status: Discharging).
Thu Apr  3 05:47:39 PM EET 2025: Failed to send notification.
Thu Apr  3 05:47:39 PM EET 2025: Failed to play alert sound: /home/ezooz/Music/alert-sound.mp3.
Thu Apr  3 05:49:39 PM EET 2025: Low battery detected: 3% (Status: Discharging).
Thu Apr  3 05:49:39 PM EET 2025: Failed to send notification.
Thu Apr  3 05:49:39 PM EET 2025: Failed to play alert sound: /home/ezooz/Music/alert-sound.mp3.
Thu Apr  3 05:51:39 PM EET 2025: Low battery detected: 3% (Status: Discharging).
Thu Apr  3 05:51:39 PM EET 2025: Failed to send notification.
Thu Apr  3 05:51:39 PM EET 2025: Failed to play alert sound: /home/ezooz/Music/alert-sound.mp3.
Thu Apr  3 05:55:55 PM EET 2025: Battery monitor script started.
Thu Apr  3 06:03:02 PM EET 2025: Battery monitor script started.
Thu Apr  3 06:48:27 PM EET 2025: Battery monitor script started.
Thu Apr  3 07:02:42 PM EET 2025: Battery monitor script started.
Thu Apr  3 07:13:37 PM EET 2025: Battery monitor script started.
