2024-09-07 19:01:56.642 [info] Log level: Info
2024-09-07 19:01:56.642 [info] Validating found git in: "git"
2024-09-07 19:01:56.691 [info] Using git "2.46.0" from "git"
2024-09-07 19:01:56.730 [info] > git rev-parse --show-toplevel [14ms]
2024-09-07 19:01:56.730 [info] fatal: not a git repository (or any of the parent directories): .git
2024-09-07 19:01:56.746 [info] > git rev-parse --show-toplevel [4ms]
2024-09-07 19:01:56.746 [info] fatal: detected dubious ownership in repository at '/home/ezooz/src/dwm'
To add an exception for this directory, call:

	git config --global --add safe.directory /home/ezooz/src/dwm
2024-09-07 19:01:56.818 [info] > git rev-parse --show-toplevel [2ms]
2024-09-07 19:01:56.818 [info] fatal: not a git repository (or any of the parent directories): .git
2024-09-07 19:01:56.826 [info] > git rev-parse --show-toplevel [1ms]
2024-09-07 19:01:56.826 [info] fatal: not a git repository (or any of the parent directories): .git
2024-09-07 19:01:56.835 [info] > git rev-parse --show-toplevel [2ms]
2024-09-07 19:01:56.835 [info] fatal: not a git repository (or any of the parent directories): .git
2024-09-07 19:01:56.846 [info] > git rev-parse --show-toplevel [1ms]
2024-09-07 19:01:56.846 [info] fatal: not a git repository (or any of the parent directories): .git
2024-09-07 19:01:56.853 [info] > git rev-parse --show-toplevel [1ms]
2024-09-07 19:01:56.853 [info] fatal: not a git repository (or any of the parent directories): .git
2024-09-07 19:01:56.860 [info] > git rev-parse --show-toplevel [1ms]
2024-09-07 19:01:56.860 [info] fatal: not a git repository (or any of the parent directories): .git
2024-09-07 19:01:56.866 [info] > git rev-parse --show-toplevel [2ms]
2024-09-07 19:01:56.866 [info] fatal: not a git repository (or any of the parent directories): .git
2024-09-07 19:01:56.874 [info] > git rev-parse --show-toplevel [1ms]
2024-09-07 19:01:56.874 [info] fatal: not a git repository (or any of the parent directories): .git
2024-09-07 19:01:56.882 [info] > git rev-parse --show-toplevel [1ms]
2024-09-07 19:01:56.882 [info] fatal: not a git repository (or any of the parent directories): .git
2024-09-07 19:01:56.889 [info] > git rev-parse --show-toplevel [1ms]
2024-09-07 19:01:56.889 [info] fatal: not a git repository (or any of the parent directories): .git
2024-09-07 19:01:56.897 [info] > git rev-parse --show-toplevel [2ms]
2024-09-07 19:01:56.897 [info] fatal: not a git repository (or any of the parent directories): .git
2024-09-07 19:01:56.904 [info] > git rev-parse --show-toplevel [1ms]
2024-09-07 19:01:56.904 [info] fatal: not a git repository (or any of the parent directories): .git
2024-09-07 19:01:56.912 [info] > git rev-parse --show-toplevel [1ms]
2024-09-07 19:01:56.912 [info] fatal: not a git repository (or any of the parent directories): .git
2024-09-07 19:01:56.920 [info] > git rev-parse --show-toplevel [1ms]
2024-09-07 19:01:56.920 [info] fatal: not a git repository (or any of the parent directories): .git
2024-09-07 19:01:56.927 [info] > git rev-parse --show-toplevel [2ms]
2024-09-07 19:01:56.927 [info] fatal: not a git repository (or any of the parent directories): .git
2024-09-07 19:01:56.933 [info] > git rev-parse --show-toplevel [1ms]
2024-09-07 19:01:56.933 [info] fatal: not a git repository (or any of the parent directories): .git
2024-09-07 19:01:57.315 [info] > git rev-parse --show-toplevel [3ms]
2024-09-07 19:01:57.315 [info] fatal: not a git repository (or any of the parent directories): .git
