2024-09-02 01:13:25.094 [info] Log level: Info
2024-09-02 01:13:25.094 [info] Validating found git in: "git"
2024-09-02 01:13:25.094 [info] Using git "2.46.0" from "git"
2024-09-02 01:13:25.094 [info] > git rev-parse --show-toplevel [3ms]
2024-09-02 01:13:25.094 [info] fatal: not a git repository (or any of the parent directories): .git
2024-09-02 01:13:25.094 [info] > git rev-parse --show-toplevel [3ms]
2024-09-02 01:13:25.094 [info] fatal: detected dubious ownership in repository at '/home/ezooz/src/dwm'
To add an exception for this directory, call:

	git config --global --add safe.directory /home/ezooz/src/dwm
2024-09-02 01:13:25.107 [info] > git rev-parse --show-toplevel [4ms]
2024-09-02 01:13:25.107 [info] fatal: not a git repository (or any of the parent directories): .git
2024-09-02 01:13:25.116 [info] > git rev-parse --show-toplevel [3ms]
2024-09-02 01:13:25.116 [info] fatal: not a git repository (or any of the parent directories): .git
2024-09-02 01:13:25.130 [info] > git rev-parse --show-toplevel [4ms]
2024-09-02 01:13:25.130 [info] fatal: not a git repository (or any of the parent directories): .git
2024-09-02 01:13:25.140 [info] > git rev-parse --show-toplevel [1ms]
2024-09-02 01:13:25.140 [info] fatal: not a git repository (or any of the parent directories): .git
2024-09-02 01:13:25.210 [info] > git rev-parse --show-toplevel [21ms]
2024-09-02 01:13:25.210 [info] fatal: not a git repository (or any of the parent directories): .git
2024-09-02 01:13:25.220 [info] > git rev-parse --show-toplevel [3ms]
2024-09-02 01:13:25.220 [info] fatal: not a git repository (or any of the parent directories): .git
2024-09-02 01:13:25.228 [info] > git rev-parse --show-toplevel [1ms]
2024-09-02 01:13:25.228 [info] fatal: not a git repository (or any of the parent directories): .git
2024-09-02 01:13:25.234 [info] > git rev-parse --show-toplevel [1ms]
2024-09-02 01:13:25.234 [info] fatal: not a git repository (or any of the parent directories): .git
2024-09-02 01:13:25.241 [info] > git rev-parse --show-toplevel [1ms]
2024-09-02 01:13:25.241 [info] fatal: not a git repository (or any of the parent directories): .git
2024-09-02 01:13:25.250 [info] > git rev-parse --show-toplevel [2ms]
2024-09-02 01:13:25.250 [info] fatal: not a git repository (or any of the parent directories): .git
2024-09-02 01:13:25.259 [info] > git rev-parse --show-toplevel [2ms]
2024-09-02 01:13:25.259 [info] fatal: not a git repository (or any of the parent directories): .git
2024-09-02 01:13:25.268 [info] > git rev-parse --show-toplevel [2ms]
2024-09-02 01:13:25.268 [info] fatal: not a git repository (or any of the parent directories): .git
2024-09-02 01:13:25.276 [info] > git rev-parse --show-toplevel [1ms]
2024-09-02 01:13:25.276 [info] fatal: not a git repository (or any of the parent directories): .git
2024-09-02 01:13:25.286 [info] > git rev-parse --show-toplevel [1ms]
2024-09-02 01:13:25.286 [info] fatal: not a git repository (or any of the parent directories): .git
2024-09-02 01:13:25.295 [info] > git rev-parse --show-toplevel [2ms]
2024-09-02 01:13:25.295 [info] fatal: not a git repository (or any of the parent directories): .git
2024-09-02 01:13:25.714 [info] > git rev-parse --show-toplevel [3ms]
2024-09-02 01:13:25.715 [info] fatal: not a git repository (or any of the parent directories): .git
