2024-09-08 19:41:39.715 [info] Log level: Info
2024-09-08 19:41:39.715 [info] Validating found git in: "git"
2024-09-08 19:41:39.715 [info] Using git "2.46.0" from "git"
2024-09-08 19:41:39.715 [info] > git rev-parse --show-toplevel [12ms]
2024-09-08 19:41:39.715 [info] fatal: not a git repository (or any of the parent directories): .git
2024-09-08 19:41:39.715 [info] > git rev-parse --show-toplevel [7ms]
2024-09-08 19:41:39.715 [info] fatal: detected dubious ownership in repository at '/home/ezooz/src/dwm'
To add an exception for this directory, call:

	git config --global --add safe.directory /home/ezooz/src/dwm
2024-09-08 19:41:39.724 [info] > git rev-parse --show-toplevel [2ms]
2024-09-08 19:41:39.724 [info] fatal: not a git repository (or any of the parent directories): .git
2024-09-08 19:41:39.738 [info] > git rev-parse --show-toplevel [3ms]
2024-09-08 19:41:39.739 [info] fatal: not a git repository (or any of the parent directories): .git
2024-09-08 19:41:39.749 [info] > git rev-parse --show-toplevel [3ms]
2024-09-08 19:41:39.749 [info] fatal: not a git repository (or any of the parent directories): .git
2024-09-08 19:41:39.759 [info] > git rev-parse --show-toplevel [1ms]
2024-09-08 19:41:39.759 [info] fatal: not a git repository (or any of the parent directories): .git
2024-09-08 19:41:39.766 [info] > git rev-parse --show-toplevel [1ms]
2024-09-08 19:41:39.766 [info] fatal: not a git repository (or any of the parent directories): .git
2024-09-08 19:41:39.774 [info] > git rev-parse --show-toplevel [2ms]
2024-09-08 19:41:39.774 [info] fatal: not a git repository (or any of the parent directories): .git
2024-09-08 19:41:39.786 [info] > git rev-parse --show-toplevel [2ms]
2024-09-08 19:41:39.786 [info] fatal: not a git repository (or any of the parent directories): .git
2024-09-08 19:41:39.794 [info] > git rev-parse --show-toplevel [1ms]
2024-09-08 19:41:39.794 [info] fatal: not a git repository (or any of the parent directories): .git
2024-09-08 19:41:39.800 [info] > git rev-parse --show-toplevel [1ms]
2024-09-08 19:41:39.800 [info] fatal: not a git repository (or any of the parent directories): .git
2024-09-08 19:41:39.811 [info] > git rev-parse --show-toplevel [2ms]
2024-09-08 19:41:39.811 [info] fatal: not a git repository (or any of the parent directories): .git
2024-09-08 19:41:39.823 [info] > git rev-parse --show-toplevel [3ms]
2024-09-08 19:41:39.823 [info] fatal: not a git repository (or any of the parent directories): .git
2024-09-08 19:41:39.838 [info] > git rev-parse --show-toplevel [3ms]
2024-09-08 19:41:39.838 [info] fatal: not a git repository (or any of the parent directories): .git
2024-09-08 19:41:39.859 [info] > git rev-parse --show-toplevel [2ms]
2024-09-08 19:41:39.860 [info] fatal: not a git repository (or any of the parent directories): .git
2024-09-08 19:41:39.883 [info] > git rev-parse --show-toplevel [12ms]
2024-09-08 19:41:39.883 [info] fatal: not a git repository (or any of the parent directories): .git
2024-09-08 19:41:39.896 [info] > git rev-parse --show-toplevel [3ms]
2024-09-08 19:41:39.896 [info] fatal: not a git repository (or any of the parent directories): .git
2024-09-08 19:41:39.908 [info] > git rev-parse --show-toplevel [2ms]
2024-09-08 19:41:39.908 [info] fatal: not a git repository (or any of the parent directories): .git
2024-09-08 19:41:39.922 [info] > git rev-parse --show-toplevel [2ms]
2024-09-08 19:41:39.922 [info] fatal: not a git repository (or any of the parent directories): .git
2024-09-08 19:41:40.511 [info] > git rev-parse --show-toplevel [1ms]
2024-09-08 19:41:40.511 [info] fatal: not a git repository (or any of the parent directories): .git
2024-09-08 19:42:03.276 [info] Log level: Info
2024-09-08 19:42:03.276 [info] Validating found git in: "git"
2024-09-08 19:42:03.276 [info] Using git "2.46.0" from "git"
